0 info it worked if it ends with ok
1 verbose cli [ '/usr/local/Cellar/node/8.5.0/bin/node',
1 verbose cli   '/usr/local/bin/npm',
1 verbose cli   'start' ]
2 info using npm@3.10.10
3 info using node@v6.11.3
4 verbose run-script [ 'prestart', 'start', 'poststart' ]
5 info lifecycle basicly@1.0.0~prestart: basicly@1.0.0
6 silly lifecycle basicly@1.0.0~prestart: no script for prestart, continuing
7 info lifecycle basicly@1.0.0~start: basicly@1.0.0
8 verbose lifecycle basicly@1.0.0~start: unsafe-perm in lifecycle true
9 verbose lifecycle basicly@1.0.0~start: PATH: /usr/local/lib/node_modules/npm/bin/node-gyp-bin:/Users/slee/HackReactor/greenfield/basicly-1/node_modules/.bin:/usr/local/Cellar/node/8.5.0/bin:/usr/local/bin:/usr/bin:/bin:/usr/sbin:/sbin:/Library/Frameworks/Mono.framework/Versions/Current/Commands
10 verbose lifecycle basicly@1.0.0~start: CWD: /Users/slee/HackReactor/greenfield/basicly-1
11 silly lifecycle basicly@1.0.0~start: Args: [ '-c', 'node server/server.js' ]
12 silly lifecycle basicly@1.0.0~start: Returned: code: 1  signal: null
13 info lifecycle basicly@1.0.0~start: Failed to exec start script
14 verbose stack Error: basicly@1.0.0 start: `node server/server.js`
14 verbose stack Exit status 1
14 verbose stack     at EventEmitter.<anonymous> (/usr/local/lib/node_modules/npm/lib/utils/lifecycle.js:255:16)
14 verbose stack     at emitTwo (events.js:106:13)
14 verbose stack     at EventEmitter.emit (events.js:191:7)
14 verbose stack     at ChildProcess.<anonymous> (/usr/local/lib/node_modules/npm/lib/utils/spawn.js:40:14)
14 verbose stack     at emitTwo (events.js:106:13)
14 verbose stack     at ChildProcess.emit (events.js:191:7)
14 verbose stack     at maybeClose (internal/child_process.js:920:16)
14 verbose stack     at Process.ChildProcess._handle.onexit (internal/child_process.js:230:5)
15 verbose pkgid basicly@1.0.0
16 verbose cwd /Users/slee/HackReactor/greenfield/basicly-1
17 error Darwin 17.2.0
18 error argv "/usr/local/Cellar/node/8.5.0/bin/node" "/usr/local/bin/npm" "start"
19 error node v6.11.3
20 error npm  v3.10.10
21 error code ELIFECYCLE
22 error basicly@1.0.0 start: `node server/server.js`
22 error Exit status 1
23 error Failed at the basicly@1.0.0 start script 'node server/server.js'.
23 error Make sure you have the latest version of node.js and npm installed.
23 error If you do, this is most likely a problem with the basicly package,
23 error not with npm itself.
23 error Tell the author that this fails on your system:
23 error     node server/server.js
23 error You can get information on how to open an issue for this project with:
23 error     npm bugs basicly
23 error Or if that isn't available, you can get their info via:
23 error     npm owner ls basicly
23 error There is likely additional logging output above.
24 verbose exit [ 1, true ]
